# v-build.pl :: build homology model of a single sequence for feature annotation
# VADR 1.6.3 (Dec 2023)
# - - - - - - - - - - - - - - - - - - - - - - - - - - - - - - - - - - - -
# date:              Thu May 30 10:53:15 2024
# $VADRBLASTDIR:     /net/intdev/oblast01/dnaorg/virseqannot/code/vadr-install-1.6.3/ncbi-blast/bin
# $VADREASELDIR:     /net/intdev/oblast01/dnaorg/virseqannot/code/vadr-install-1.6.3/infernal/binaries
# $VADRINFERNALDIR:  /net/intdev/oblast01/dnaorg/virseqannot/code/vadr-install-1.6.3/infernal/binaries
# $VADRSCRIPTSDIR:   /net/intdev/oblast01/dnaorg/virseqannot/code/vadr-install-1.6.3/vadr
#
# accession/model name:  NC_011506
# output directory:      NC_011506
# - - - - - - - - - - - - - - - - - - - - - - - - - - - - - - - - - - - -
# Fetching FASTA file                                          ... done. [    3.4 seconds]
# Parsing FASTA file                                           ... done. [    0.0 seconds]
# Fetching feature table file                                  ... done. [    3.3 seconds]
# Parsing feature table file                                   ... done. [    0.0 seconds]
# Fetching and parsing protein feature table file(s)           ... done. [    3.4 seconds]
# Pruning data read from GenBank                               ... done. [    0.0 seconds]
# Reformatting FASTA file to Stockholm file                    ... done. [    0.0 seconds]
# Building BLAST nucleotide database                           ... done. [    0.2 seconds]
# Finalizing feature information                               ... done. [    0.0 seconds]
# Translating CDS                                              ... done. [    0.0 seconds]
# Building BLAST protein database                              ... done. [    0.1 seconds]
# Building HMMER protein database                              ... done. [    0.5 seconds]
# Checking intron splice sites, if any                         ... done. [    0.0 seconds]
# Building CM (should take roughly 5-10 minutes)               ... done. [   68.0 seconds]
# Pressing CM file                                             ... done. [    0.1 seconds]
# Creating model info file                                     ... done. [    0.0 seconds]
#
# Output printed to screen saved in:                                 NC_011506.vadr.log
# List of executed commands saved in:                                NC_011506.vadr.cmd
# List and description of all output files saved in:                 NC_011506.vadr.filelist
# fasta file for NC_011506 saved in:                                 NC_011506.vadr.fa
# feature table format file for NC_011506 saved in:                  NC_011506.vadr.tbl
# feature table format file for YP_002302226.1 saved in:             NC_011506.vadr.YP_002302226.1.tbl
# Stockholm alignment file for NC_011506 saved in:                   NC_011506.vadr.stk
# nucleotide blastn db fasta sequence file for NC_011506 saved in:   NC_011506.vadr.fa
# BLAST db .nhr file for NC_011506 saved in:                         NC_011506.vadr.fa.nhr
# BLAST db .nin file for NC_011506 saved in:                         NC_011506.vadr.fa.nin
# BLAST db .nsq file for NC_011506 saved in:                         NC_011506.vadr.fa.nsq
# BLAST db .ndb file for NC_011506 saved in:                         NC_011506.vadr.fa.ndb
# BLAST db .not file for NC_011506 saved in:                         NC_011506.vadr.fa.not
# BLAST db .ntf file for NC_011506 saved in:                         NC_011506.vadr.fa.ntf
# BLAST db .nto file for NC_011506 saved in:                         NC_011506.vadr.fa.nto
# fasta sequence file for CDS from NC_011506 saved in:               NC_011506.vadr.cds.fa
# fasta sequence file for translated CDS from NC_011506 saved in:    NC_011506.vadr.protein.fa
# BLAST db .phr file for NC_011506 saved in:                         NC_011506.vadr.protein.fa.phr
# BLAST db .pin file for NC_011506 saved in:                         NC_011506.vadr.protein.fa.pin
# BLAST db .psq file for NC_011506 saved in:                         NC_011506.vadr.protein.fa.psq
# BLAST db .pdb file for NC_011506 saved in:                         NC_011506.vadr.protein.fa.pdb
# BLAST db .pot file for NC_011506 saved in:                         NC_011506.vadr.protein.fa.pot
# BLAST db .ptf file for NC_011506 saved in:                         NC_011506.vadr.protein.fa.ptf
# BLAST db .pto file for NC_011506 saved in:                         NC_011506.vadr.protein.fa.pto
# HMMER model db file for NC_011506 saved in:                        NC_011506.vadr.protein.hmm
# hmmbuild build output (concatenated) saved in:                     NC_011506.vadr.protein.hmmbuild
# binary HMM and p7 HMM filter file saved in:                        NC_011506.vadr.protein.hmm.h3m
# SSI index for binary HMM file saved in:                            NC_011506.vadr.protein.hmm.h3i
# optimized p7 HMM filters (MSV part) saved in:                      NC_011506.vadr.protein.hmm.h3f
# optimized p7 HMM filters (remainder) saved in:                     NC_011506.vadr.protein.hmm.h3p
# hmmpress output file saved in:                                     NC_011506.vadr.hmmpress
# CM file saved in:                                                  NC_011506.vadr.cm
# cmbuild output file saved in:                                      NC_011506.vadr.cmbuild
# binary CM and p7 HMM filter file saved in:                         NC_011506.vadr.cm.i1m
# SSI index for binary CM file saved in:                             NC_011506.vadr.cm.i1i
# optimized p7 HMM filters (MSV part) saved in:                      NC_011506.vadr.cm.i1f
# optimized p7 HMM filters (remainder) saved in:                     NC_011506.vadr.cm.i1p
# cmpress output file saved in:                                      NC_011506.vadr.cmpress
# VADR 'model info' format file for NC_011506 saved in:              NC_011506.vadr.minfo
#
# All output files created in directory ./NC_011506/
#
# Elapsed time:  00:01:19.20
#                hh:mm:ss
# 
[ok]
